[smart] start parent=mlp_h48_e300_gt0 h=48 e=300 lr=0.0300 wd=1.0e-04 gt=0.0000
[smart] report_root=reports/smart_infinite_live_stream population=10 branch_patience=10 branch_rounds=80
[smart][iter 1] candidates=10
[smart][iter 1][01/10] i0001c01 h=48 e=236 lr=0.0337 wd=6.8e-05 gt=0.0161
[smart][iter 1][01] [opt] variants=1 source=custom_file
[smart][iter 1][01] [round 1] best ret=-0.66% dd=0.66% trades=6 (improved)
[smart][iter 1][01] [round 2] best ret=1.80% dd=5.02% trades=43 (improved)
[smart][iter 1][01] [round 3] best ret=15.30% dd=6.06% trades=59 (improved)
[smart][iter 1][01] [round 4] best ret=0.97% dd=3.16% trades=41 (no improve)
[smart][iter 1][01] [round 5] best ret=4.20% dd=7.66% trades=62 (no improve)
[smart][iter 1][01] [round 6] best ret=17.12% dd=6.63% trades=33 (improved)
[smart][iter 1][01] [round 7] best ret=15.51% dd=8.62% trades=69 (no improve)
[smart][iter 1][01] [round 8] best ret=8.96% dd=9.17% trades=40 (no improve)
[smart][iter 1][01] [round 9] best ret=14.72% dd=3.67% trades=36 (no improve)
[smart][iter 1][01] [round 10] best ret=1.39% dd=5.41% trades=40 (no improve)
[smart][iter 1][01] [round 11] best ret=7.52% dd=7.06% trades=56 (no improve)
[smart][iter 1][01] [round 12] best ret=9.91% dd=1.87% trades=41 (no improve)
[smart][iter 1][01] [round 13] best ret=3.60% dd=10.37% trades=42 (no improve)
[smart][iter 1][01] [round 14] best ret=-1.08% dd=1.08% trades=7 (no improve)
[smart][iter 1][01] [round 15] best ret=8.20% dd=5.16% trades=51 (no improve)
[smart][iter 1][01] [round 16] best ret=-2.74% dd=5.77% trades=54 (no improve)
[smart][iter 1][01] [stop] no return improvement for 10 consecutive rounds.
[smart][iter 1][01] [best] ret=17.12% dd=6.63% trades=33 cfg=i0001c01/a2/strong_hold_t3/k2/gap[-0.005,0.02]/board<=3/risk=off/alloc=0.20
[smart][iter 1][01] [out] reports/smart_infinite_live_stream/iterations/iter_00001/candidate_01_i0001c01/summary.json
[smart][iter 1][01] ret=17.12% dd=6.63% ag=17.12 bal=8.51 rounds=16
[smart][iter 1][02/10] i0001c02 h=48 e=318 lr=0.0292 wd=1.0e-04 gt=-0.0069
[smart][iter 1][02] [opt] variants=1 source=custom_file
[smart][iter 1][02] [round 1] best ret=3.01% dd=8.13% trades=48 (improved)
[smart][iter 1][02] [round 2] best ret=10.06% dd=4.75% trades=28 (improved)
[smart][iter 1][02] [round 3] best ret=-0.89% dd=1.53% trades=14 (no improve)
[smart][iter 1][02] [round 4] best ret=8.81% dd=3.54% trades=43 (no improve)
[smart][iter 1][02] [round 5] best ret=0.68% dd=0.63% trades=8 (no improve)
[smart][iter 1][02] [round 6] best ret=19.76% dd=2.54% trades=42 (improved)
[smart][iter 1][02] [round 7] best ret=7.95% dd=3.28% trades=29 (no improve)
[smart][iter 1][02] [round 8] best ret=-0.51% dd=2.91% trades=24 (no improve)
[smart][iter 1][02] [round 9] best ret=14.08% dd=7.89% trades=39 (no improve)
[smart][iter 1][02] [round 10] best ret=17.86% dd=4.52% trades=30 (no improve)
[smart][iter 1][02] [round 11] best ret=9.92% dd=4.15% trades=37 (no improve)
[smart][iter 1][02] [round 12] best ret=26.61% dd=2.55% trades=37 (improved)
[smart][iter 1][02] [round 13] best ret=11.17% dd=3.60% trades=50 (no improve)
[smart][iter 1][02] [round 14] best ret=2.33% dd=6.49% trades=37 (no improve)
[smart][iter 1][02] [round 15] best ret=12.58% dd=3.71% trades=51 (no improve)
[smart][iter 1][02] [round 16] best ret=0.07% dd=4.56% trades=35 (no improve)
[smart][iter 1][02] [round 17] best ret=9.08% dd=6.29% trades=55 (no improve)
[smart][iter 1][02] [round 18] best ret=13.63% dd=6.35% trades=63 (no improve)
[smart][iter 1][02] [round 19] best ret=8.01% dd=9.83% trades=49 (no improve)
[smart][iter 1][02] [round 20] best ret=16.45% dd=5.59% trades=48 (no improve)
[smart][iter 1][02] [round 21] best ret=8.50% dd=6.81% trades=34 (no improve)
[smart][iter 1][02] [round 22] best ret=15.71% dd=3.77% trades=38 (no improve)
[smart][iter 1][02] [stop] no return improvement for 10 consecutive rounds.
[smart][iter 1][02] [best] ret=26.61% dd=2.55% trades=37 cfg=i0001c02/a10/strong_hold_t3/k1/gap[-0.005,0.02]/board<=None/risk=off/alloc=0.20
[smart][iter 1][02] [out] reports/smart_infinite_live_stream/iterations/iter_00001/candidate_02_i0001c02/summary.json
[smart][iter 1][02] ret=26.61% dd=2.55% ag=26.61 bal=23.30 rounds=22
[smart][iter 1][03/10] i0001c03 h=40 e=662 lr=0.0543 wd=1.7e-04 gt=-0.0095
[smart][iter 1][03] [opt] variants=1 source=custom_file
[smart][iter 1][03] [round 1] best ret=2.62% dd=1.93% trades=33 (improved)
[smart][iter 1][03] [round 2] best ret=25.34% dd=4.18% trades=38 (improved)
[smart][iter 1][03] [round 3] best ret=32.42% dd=6.83% trades=42 (improved)
[smart][iter 1][03] [round 4] best ret=8.63% dd=3.03% trades=46 (no improve)
[smart][iter 1][03] [round 5] best ret=9.77% dd=4.32% trades=35 (no improve)
[smart][iter 1][03] [round 6] best ret=2.34% dd=1.97% trades=25 (no improve)
[smart][iter 1][03] [round 7] best ret=3.32% dd=3.01% trades=36 (no improve)
[smart][iter 1][03] [round 8] best ret=-2.08% dd=4.76% trades=32 (no improve)
[smart][iter 1][03] [round 9] best ret=1.36% dd=5.34% trades=34 (no improve)
[smart][iter 1][03] [round 10] best ret=17.82% dd=2.83% trades=32 (no improve)
[smart][iter 1][03] [round 11] best ret=6.27% dd=7.72% trades=33 (no improve)
[smart][iter 1][03] [round 12] best ret=1.55% dd=0.45% trades=9 (no improve)
[smart][iter 1][03] [round 13] best ret=2.92% dd=6.52% trades=30 (no improve)
[smart][iter 1][03] [stop] no return improvement for 10 consecutive rounds.
[smart][iter 1][03] [best] ret=32.42% dd=6.83% trades=42 cfg=i0001c03/a10/strong_hold_t3/k1/gap[-0.005,0.02]/board<=None/risk=off/alloc=0.20
[smart][iter 1][03] [out] reports/smart_infinite_live_stream/iterations/iter_00001/candidate_03_i0001c03/summary.json
[smart][iter 1][03] ret=32.42% dd=6.83% ag=32.42 bal=23.55 rounds=13
[smart][iter 1][04/10] i0001c04 h=48 e=291 lr=0.0265 wd=1.1e-04 gt=0.0014
[smart][iter 1][04] [opt] variants=1 source=custom_file
[smart][iter 1][04] [round 1] best ret=1.74% dd=3.50% trades=40 (improved)
[smart][iter 1][04] [round 2] best ret=21.11% dd=6.41% trades=60 (improved)
[smart][iter 1][04] [round 3] best ret=4.07% dd=4.91% trades=42 (no improve)
[smart][iter 1][04] [round 4] best ret=1.71% dd=6.36% trades=38 (no improve)
[smart][iter 1][04] [round 5] best ret=-0.26% dd=0.85% trades=10 (no improve)
[smart][iter 1][04] [round 6] best ret=2.59% dd=7.01% trades=35 (no improve)
[smart][iter 1][04] [round 7] best ret=0.19% dd=2.77% trades=23 (no improve)
[smart][iter 1][04] [round 8] best ret=0.95% dd=3.45% trades=30 (no improve)
[smart][iter 1][04] [round 9] best ret=2.53% dd=4.44% trades=38 (no improve)
[smart][iter 1][04] [round 10] best ret=-2.26% dd=2.26% trades=22 (no improve)
[smart][iter 1][04] [round 11] best ret=19.96% dd=4.10% trades=69 (no improve)
[smart][iter 1][04] [round 12] best ret=3.11% dd=7.85% trades=51 (no improve)
[smart][iter 1][04] [stop] no return improvement for 10 consecutive rounds.
[smart][iter 1][04] [best] ret=21.11% dd=6.41% trades=60 cfg=i0001c04/a5/t2_close/k2/gap[None,0.02]/board<=None/risk=strict/alloc=0.20
[smart][iter 1][04] [out] reports/smart_infinite_live_stream/iterations/iter_00001/candidate_04_i0001c04/summary.json
[smart][iter 1][04] ret=21.11% dd=6.41% ag=21.11 bal=12.78 rounds=12
[smart][iter 1][05/10] i0001c05 h=80 e=580 lr=0.0199 wd=1.4e-05 gt=-0.0284
[smart][iter 1][05] [opt] variants=1 source=custom_file
[smart][iter 1][05] [round 1] best ret=2.15% dd=1.32% trades=38 (improved)
[smart][iter 1][05] [round 2] best ret=5.74% dd=4.07% trades=37 (improved)
[smart][iter 1][05] [round 3] best ret=9.05% dd=2.97% trades=40 (improved)
[smart][iter 1][05] [round 4] best ret=11.49% dd=4.83% trades=46 (improved)
[smart][iter 1][05] [round 5] best ret=19.73% dd=4.79% trades=50 (improved)
[smart][iter 1][05] [round 6] best ret=6.69% dd=5.19% trades=51 (no improve)
[smart][iter 1][05] [round 7] best ret=-0.48% dd=5.26% trades=34 (no improve)
[smart][iter 1][05] [round 8] best ret=0.03% dd=7.24% trades=49 (no improve)
[smart][iter 1][05] [round 9] best ret=6.44% dd=5.21% trades=67 (no improve)
[smart][iter 1][05] [round 10] best ret=5.43% dd=6.76% trades=49 (no improve)
[smart][iter 1][05] [round 11] best ret=-1.66% dd=4.65% trades=54 (no improve)
[smart][iter 1][05] [round 12] best ret=8.52% dd=6.71% trades=54 (no improve)
[smart][iter 1][05] [round 13] best ret=12.18% dd=5.09% trades=60 (no improve)
[smart][iter 1][05] [round 14] best ret=-0.62% dd=8.38% trades=49 (no improve)
[smart][iter 1][05] [round 15] best ret=3.89% dd=3.20% trades=58 (no improve)
[smart][iter 1][05] [stop] no return improvement for 10 consecutive rounds.
[smart][iter 1][05] [best] ret=19.73% dd=4.79% trades=50 cfg=i0001c05/a2/strong_hold_t3/k1/gap[None,0.02]/board<=2/risk=strict/alloc=0.20
[smart][iter 1][05] [out] reports/smart_infinite_live_stream/iterations/iter_00001/candidate_05_i0001c05/summary.json
[smart][iter 1][05] ret=19.73% dd=4.79% ag=19.73 bal=13.50 rounds=15
[smart][iter 1][06/10] i0001c06 h=48 e=234 lr=0.0330 wd=1.2e-04 gt=-0.0039
[smart][iter 1][06] [opt] variants=1 source=custom_file
[smart][iter 1][06] [round 1] best ret=6.72% dd=4.94% trades=44 (improved)
[smart][iter 1][06] [round 2] best ret=10.97% dd=5.71% trades=31 (improved)
[smart][iter 1][06] [round 3] best ret=-2.05% dd=2.44% trades=15 (no improve)
[smart][iter 1][06] [round 4] best ret=5.49% dd=7.19% trades=42 (no improve)
[smart][iter 1][06] [round 5] best ret=0.05% dd=0.64% trades=7 (no improve)
[smart][iter 1][06] [round 6] best ret=5.51% dd=3.22% trades=37 (no improve)
[smart][iter 1][06] [round 7] best ret=2.82% dd=5.07% trades=29 (no improve)
[smart][iter 1][06] [round 8] best ret=7.76% dd=4.32% trades=32 (no improve)
[smart][iter 1][06] [round 9] best ret=4.49% dd=10.66% trades=36 (no improve)
[smart][iter 1][06] [round 10] best ret=2.51% dd=7.61% trades=28 (no improve)
[smart][iter 1][06] [round 11] best ret=6.33% dd=5.68% trades=32 (no improve)
[smart][iter 1][06] [round 12] best ret=9.96% dd=1.94% trades=28 (no improve)
[smart][iter 1][06] [stop] no return improvement for 10 consecutive rounds.
[smart][iter 1][06] [best] ret=10.97% dd=5.71% trades=31 cfg=i0001c06/a10/strong_hold_t3/k1/gap[-0.005,0.02]/board<=None/risk=off/alloc=0.20
[smart][iter 1][06] [out] reports/smart_infinite_live_stream/iterations/iter_00001/candidate_06_i0001c06/summary.json
[smart][iter 1][06] ret=10.97% dd=5.71% ag=10.97 bal=3.54 rounds=12
[smart][iter 1][07/10] i0001c07 h=56 e=298 lr=0.0285 wd=1.0e-04 gt=-0.0005
[smart][iter 1][07] [opt] variants=1 source=custom_file
[smart][iter 1][07] [round 1] best ret=-1.24% dd=1.24% trades=8 (improved)
[smart][iter 1][07] [round 2] best ret=7.70% dd=5.58% trades=50 (improved)
[smart][iter 1][07] [round 3] best ret=8.29% dd=7.59% trades=44 (improved)
[smart][iter 1][07] [round 4] best ret=10.80% dd=4.17% trades=41 (improved)
[smart][iter 1][07] [round 5] best ret=0.82% dd=1.36% trades=17 (no improve)
[smart][iter 1][07] [round 6] best ret=10.28% dd=5.81% trades=44 (no improve)
[smart][iter 1][07] [round 7] best ret=-0.53% dd=7.62% trades=45 (no improve)
[smart][iter 1][07] [round 8] best ret=15.29% dd=5.77% trades=55 (improved)
[smart][iter 1][07] [round 9] best ret=30.02% dd=5.57% trades=61 (improved)
[smart][iter 1][07] [round 10] best ret=-0.66% dd=13.27% trades=40 (no improve)
[smart][iter 1][07] [round 11] best ret=1.44% dd=10.86% trades=61 (no improve)
[smart][iter 1][07] [round 12] best ret=14.84% dd=6.57% trades=48 (no improve)
[smart][iter 1][07] [round 13] best ret=2.67% dd=3.88% trades=56 (no improve)
[smart][iter 1][07] [round 14] best ret=22.30% dd=5.52% trades=53 (no improve)
[smart][iter 1][07] [round 15] best ret=25.29% dd=1.83% trades=49 (no improve)
[smart][iter 1][07] [round 16] best ret=19.35% dd=9.68% trades=69 (no improve)
[smart][iter 1][07] [round 17] best ret=7.86% dd=8.05% trades=48 (no improve)
[smart][iter 1][07] [round 18] best ret=6.58% dd=14.65% trades=60 (no improve)
[smart][iter 1][07] [round 19] best ret=18.30% dd=12.43% trades=64 (no improve)
[smart][iter 1][07] [stop] no return improvement for 10 consecutive rounds.
[smart][iter 1][07] [best] ret=30.02% dd=5.57% trades=61 cfg=i0001c07/a10/t2_close/k3/gap[-0.005,None]/board<=None/risk=strict/alloc=0.18
[smart][iter 1][07] [out] reports/smart_infinite_live_stream/iterations/iter_00001/candidate_07_i0001c07/summary.json
[smart][iter 1][07] ret=30.02% dd=5.57% ag=30.02 bal=22.78 rounds=19
[smart][iter 1][08/10] i0001c08 h=56 e=348 lr=0.0307 wd=6.6e-05 gt=0.0004
[smart][iter 1][08] [opt] variants=1 source=custom_file
[smart][iter 1][08] [round 1] best ret=21.49% dd=2.94% trades=42 (improved)
[smart][iter 1][08] [round 2] best ret=9.79% dd=2.87% trades=35 (no improve)
[smart][iter 1][08] [round 3] best ret=-2.38% dd=2.38% trades=26 (no improve)
[smart][iter 1][08] [round 4] best ret=12.92% dd=5.08% trades=59 (no improve)
[smart][iter 1][08] [round 5] best ret=-1.67% dd=2.11% trades=16 (no improve)
[smart][iter 1][08] [round 6] best ret=1.44% dd=7.61% trades=49 (no improve)
[smart][iter 1][08] [round 7] best ret=1.51% dd=2.42% trades=20 (no improve)
[smart][iter 1][08] [round 8] best ret=-7.21% dd=7.35% trades=29 (no improve)
[smart][iter 1][08] [round 9] best ret=0.57% dd=3.89% trades=30 (no improve)
[smart][iter 1][08] [round 10] best ret=8.95% dd=5.96% trades=57 (no improve)
[smart][iter 1][08] [round 11] best ret=-1.33% dd=2.98% trades=15 (no improve)
[smart][iter 1][08] [stop] no return improvement for 10 consecutive rounds.
[smart][iter 1][08] [best] ret=21.49% dd=2.94% trades=42 cfg=i0001c08/a10/t2_close/k1/gap[-0.01,None]/board<=2/risk=off/alloc=0.18
[smart][iter 1][08] [out] reports/smart_infinite_live_stream/iterations/iter_00001/candidate_08_i0001c08/summary.json
[smart][iter 1][08] ret=21.49% dd=2.94% ag=21.49 bal=17.67 rounds=11
[smart][iter 1][09/10] i0001c09 h=72 e=861 lr=0.0164 wd=1.9e-04 gt=0.0766
[smart][iter 1][09] [opt] variants=1 source=custom_file
[smart][iter 1][09] [round 1] best ret=15.86% dd=1.53% trades=35 (improved)
[smart][iter 1][09] [round 2] best ret=-0.21% dd=3.69% trades=32 (no improve)
[smart][iter 1][09] [round 3] best ret=1.69% dd=4.39% trades=32 (no improve)
[smart][iter 1][09] [round 4] best ret=24.85% dd=3.34% trades=35 (improved)
[smart][iter 1][09] [round 5] best ret=20.93% dd=6.53% trades=43 (no improve)
[smart][iter 1][09] [round 6] best ret=0.92% dd=13.26% trades=38 (no improve)
[smart][iter 1][09] [round 7] best ret=6.35% dd=7.27% trades=37 (no improve)
[smart][iter 1][09] [round 8] best ret=10.46% dd=5.89% trades=43 (no improve)
[smart][iter 1][09] [round 9] best ret=6.65% dd=5.05% trades=44 (no improve)
[smart][iter 1][09] [round 10] best ret=32.41% dd=3.16% trades=49 (improved)
[smart][iter 1][09] [round 11] best ret=19.92% dd=8.24% trades=63 (no improve)
[smart][iter 1][09] [round 12] best ret=11.28% dd=7.41% trades=44 (no improve)
[smart][iter 1][09] [round 13] best ret=11.89% dd=4.49% trades=37 (no improve)
[smart][iter 1][09] [round 14] best ret=-0.31% dd=5.83% trades=39 (no improve)
[smart][iter 1][09] [round 15] best ret=7.73% dd=6.31% trades=46 (no improve)
[smart][iter 1][09] [round 16] best ret=43.02% dd=6.13% trades=64 (improved)
[smart][iter 1][09] [round 17] best ret=24.27% dd=5.96% trades=65 (no improve)
[smart][iter 1][09] [round 18] best ret=44.95% dd=4.91% trades=53 (improved)
[smart][iter 1][09] [round 19] best ret=6.88% dd=9.77% trades=62 (no improve)
[smart][iter 1][09] [round 20] best ret=3.25% dd=5.68% trades=55 (no improve)
[smart][iter 1][09] [round 21] best ret=11.45% dd=7.71% trades=53 (no improve)
[smart][iter 1][09] [round 22] best ret=33.10% dd=7.61% trades=58 (no improve)
[smart][iter 1][09] [round 23] best ret=18.88% dd=4.83% trades=52 (no improve)
[smart][iter 1][09] [round 24] best ret=15.00% dd=2.92% trades=49 (no improve)
[smart][iter 1][09] [round 25] best ret=8.98% dd=1.39% trades=7 (no improve)
[smart][iter 1][09] [round 26] best ret=8.18% dd=9.61% trades=45 (no improve)
[smart][iter 1][09] [round 27] best ret=21.75% dd=7.11% trades=52 (no improve)
[smart][iter 1][09] [round 28] best ret=4.22% dd=8.47% trades=64 (no improve)
[smart][iter 1][09] [stop] no return improvement for 10 consecutive rounds.
[smart][iter 1][09] [best] ret=44.95% dd=4.91% trades=53 cfg=i0001c09/a5/profit_lock_t3/k2/gap[-0.005,None]/board<=3/risk=balanced/alloc=0.20
[smart][iter 1][09] [out] reports/smart_infinite_live_stream/iterations/iter_00001/candidate_09_i0001c09/summary.json
[smart][iter 1][09] ret=44.95% dd=4.91% ag=44.95 bal=38.56 rounds=28
[smart][iter 1][10/10] i0001c10 h=128 e=660 lr=0.0470 wd=2.8e-04 gt=-0.0125
[smart][iter 1][10] [opt] variants=1 source=custom_file
[smart][iter 1][10] [round 1] best ret=11.44% dd=4.58% trades=49 (improved)
[smart][iter 1][10] [round 2] best ret=6.83% dd=4.76% trades=60 (no improve)
[smart][iter 1][10] [round 3] best ret=9.08% dd=4.87% trades=62 (no improve)
[smart][iter 1][10] [round 4] best ret=12.96% dd=3.04% trades=61 (improved)
[smart][iter 1][10] [round 5] best ret=24.36% dd=6.35% trades=56 (improved)
[smart][iter 1][10] [round 6] best ret=17.00% dd=3.25% trades=49 (no improve)
[smart][iter 1][10] [round 7] best ret=23.65% dd=3.20% trades=69 (no improve)
[smart][iter 1][10] [round 8] best ret=9.36% dd=7.24% trades=71 (no improve)
[smart][iter 1][10] [round 9] best ret=11.54% dd=8.01% trades=52 (no improve)
[smart][iter 1][10] [round 10] best ret=17.08% dd=2.83% trades=57 (no improve)
[smart][iter 1][10] [round 11] best ret=14.95% dd=4.33% trades=55 (no improve)
[smart][iter 1][10] [round 12] best ret=4.53% dd=3.12% trades=26 (no improve)
[smart][iter 1][10] [round 13] best ret=8.03% dd=5.14% trades=58 (no improve)
[smart][iter 1][10] [round 14] best ret=15.30% dd=6.01% trades=55 (no improve)
[smart][iter 1][10] [round 15] best ret=19.28% dd=2.79% trades=52 (no improve)
[smart][iter 1][10] [stop] no return improvement for 10 consecutive rounds.
