[mock-backtest] train_range=2020-01-01~2024-12-31 backtest_range=2025-01-01~2026-02-27
[mock-backtest] rule_targets=ret>=1000.0% dd<=15.0%
[mock-backtest] variant_profile=aggressive variants=8
[mock-backtest] train mlp_h48_e300_gt0 ...
[mock-backtest] train mlp_h48_e300_gt0 acc=56.72%
[mock-backtest] train mlp_h56_e320_gt1 ...
[mock-backtest] train mlp_h56_e320_gt1 acc=61.23%
[mock-backtest] train mlp_h64_e360_gt2 ...
[mock-backtest] train mlp_h64_e360_gt2 acc=66.65%
[mock-backtest] train mlp_h72_e380_gt15 ...
[mock-backtest] train mlp_h72_e380_gt15 acc=64.44%
[mock-backtest] train mlp_h40_e280_gt5 ...
[mock-backtest] train mlp_h40_e280_gt5 acc=58.71%
[mock-backtest] train mlp_h96_e460_gt15 ...
[mock-backtest] train mlp_h96_e460_gt15 acc=63.54%
[mock-backtest] train mlp_h88_e500_gt1_wd2e4 ...
[mock-backtest] train mlp_h88_e500_gt1_wd2e4 acc=61.59%
[mock-backtest] train mlp_h128_e560_gt25 ...
[mock-backtest] train mlp_h128_e560_gt25 acc=68.69%
[mock-backtest] th=0.75 final=47141.36 ret=371.41% dd=9.14% fee=417.90 trades=37 cfg=mlp_h40_e280_gt5/a10/weak_hold_t3/k1/gap[-0.01,0.02]/board<=2/risk=strict/alloc=0.90 rules[ret_target=FAIL, dd_target=OK]
