[opt] variants=1 source=custom_file
[round 1] best ret=15.86% dd=1.53% trades=35 (improved)
[round 2] best ret=-0.21% dd=3.69% trades=32 (no improve)
[round 3] best ret=1.69% dd=4.39% trades=32 (no improve)
[round 4] best ret=24.85% dd=3.34% trades=35 (improved)
[round 5] best ret=20.93% dd=6.53% trades=43 (no improve)
[round 6] best ret=0.92% dd=13.26% trades=38 (no improve)
[round 7] best ret=6.35% dd=7.27% trades=37 (no improve)
[round 8] best ret=10.46% dd=5.89% trades=43 (no improve)
[round 9] best ret=6.65% dd=5.05% trades=44 (no improve)
[round 10] best ret=32.41% dd=3.16% trades=49 (improved)
[round 11] best ret=19.92% dd=8.24% trades=63 (no improve)
[round 12] best ret=11.28% dd=7.41% trades=44 (no improve)
[round 13] best ret=11.89% dd=4.49% trades=37 (no improve)
[round 14] best ret=-0.31% dd=5.83% trades=39 (no improve)
[round 15] best ret=7.73% dd=6.31% trades=46 (no improve)
[round 16] best ret=43.02% dd=6.13% trades=64 (improved)
[round 17] best ret=24.27% dd=5.96% trades=65 (no improve)
[round 18] best ret=44.95% dd=4.91% trades=53 (improved)
[round 19] best ret=6.88% dd=9.77% trades=62 (no improve)
[round 20] best ret=3.25% dd=5.68% trades=55 (no improve)
[round 21] best ret=11.45% dd=7.71% trades=53 (no improve)
[round 22] best ret=33.10% dd=7.61% trades=58 (no improve)
[round 23] best ret=18.88% dd=4.83% trades=52 (no improve)
[round 24] best ret=15.00% dd=2.92% trades=49 (no improve)
[round 25] best ret=8.98% dd=1.39% trades=7 (no improve)
[round 26] best ret=8.18% dd=9.61% trades=45 (no improve)
[round 27] best ret=21.75% dd=7.11% trades=52 (no improve)
[round 28] best ret=4.22% dd=8.47% trades=64 (no improve)
[stop] no return improvement for 10 consecutive rounds.
[best] ret=44.95% dd=4.91% trades=53 cfg=i0001c09/a5/profit_lock_t3/k2/gap[-0.005,None]/board<=3/risk=balanced/alloc=0.20
[out] reports/smart_infinite_live/iterations/iter_00001/candidate_09_i0001c09/summary.json
