[mock-backtest] train_range=2020-01-01~2024-12-31 backtest_range=2025-01-01~2026-02-27
[mock-backtest] rule_targets=ret>=1000.0% dd<=15.0%
[mock-backtest] variant_profile=aggressive variants=8
[mock-backtest] train mlp_h48_e300_gt0 ...
[mock-backtest] train mlp_h48_e300_gt0 acc=56.72%
[mock-backtest] train mlp_h56_e320_gt1 ...
[mock-backtest] train mlp_h56_e320_gt1 acc=61.23%
[mock-backtest] train mlp_h64_e360_gt2 ...
[mock-backtest] train mlp_h64_e360_gt2 acc=66.65%
[mock-backtest] train mlp_h72_e380_gt15 ...
[mock-backtest] train mlp_h72_e380_gt15 acc=64.44%
[mock-backtest] train mlp_h40_e280_gt5 ...
[mock-backtest] train mlp_h40_e280_gt5 acc=58.71%
[mock-backtest] train mlp_h96_e460_gt15 ...
[mock-backtest] train mlp_h96_e460_gt15 acc=63.54%
[mock-backtest] train mlp_h88_e500_gt1_wd2e4 ...
[mock-backtest] train mlp_h88_e500_gt1_wd2e4 acc=61.59%
[mock-backtest] train mlp_h128_e560_gt25 ...
[mock-backtest] train mlp_h128_e560_gt25 acc=68.69%
[mock-backtest] th=0.60 final=74894.31 ret=648.94% dd=16.26% fee=955.66 trades=68 cfg=mlp_h40_e280_gt5/a5/weak_hold_t3/k1/gap[None,None]/board<=3/risk=balanced/alloc=0.90 rules[ret_target=FAIL, dd_target=FAIL]
[mock-backtest] th=0.65 final=74894.31 ret=648.94% dd=16.26% fee=955.66 trades=68 cfg=mlp_h40_e280_gt5/a5/weak_hold_t3/k1/gap[None,None]/board<=3/risk=balanced/alloc=0.90 rules[ret_target=FAIL, dd_target=FAIL]
[mock-backtest] th=0.70 final=74894.31 ret=648.94% dd=16.26% fee=955.66 trades=68 cfg=mlp_h40_e280_gt5/a5/weak_hold_t3/k1/gap[None,None]/board<=3/risk=balanced/alloc=0.90 rules[ret_target=FAIL, dd_target=FAIL]
[mock-backtest] th=0.75 final=74894.31 ret=648.94% dd=16.26% fee=955.66 trades=68 cfg=mlp_h40_e280_gt5/a5/weak_hold_t3/k1/gap[None,None]/board<=3/risk=balanced/alloc=0.90 rules[ret_target=FAIL, dd_target=FAIL]
[mock-backtest] th=0.80 final=74894.31 ret=648.94% dd=16.26% fee=955.66 trades=68 cfg=mlp_h40_e280_gt5/a5/weak_hold_t3/k1/gap[None,None]/board<=3/risk=balanced/alloc=0.90 rules[ret_target=FAIL, dd_target=FAIL]
[mock-backtest] th=0.85 final=72106.25 ret=621.06% dd=14.34% fee=880.13 trades=67 cfg=mlp_h40_e280_gt5/a2/weak_hold_t3/k1/gap[None,None]/board<=3/risk=balanced/alloc=0.80 rules[ret_target=FAIL, dd_target=OK]
[mock-backtest] th=0.90 final=74894.31 ret=648.94% dd=16.26% fee=955.66 trades=68 cfg=mlp_h40_e280_gt5/a5/weak_hold_t3/k1/gap[None,None]/board<=3/risk=balanced/alloc=0.90 rules[ret_target=FAIL, dd_target=FAIL]
