[smart] start parent=mlp_h48_e300_gt0 h=48 e=300 lr=0.0300 wd=1.0e-04 gt=0.0000
[smart] report_root=reports/smart_infinite_wf_live population=10 branch_patience=10 branch_rounds=80 eval_mode=walk_forward retrain_every=20
[smart][iter 1] candidates=10
[smart][iter 1][01/10] i0001c01 h=48 e=236 lr=0.0337 wd=6.8e-05 gt=0.0161
[smart][iter 1][01] [opt] variants=1 source=custom_file
[smart][iter 1][01] [round 1] best ret=9.26% dd=34.61% trades=63 (improved)
[smart][iter 1][01] [round 2] best ret=-4.04% dd=4.04% trades=25 (no improve)
[smart][iter 1][01] [round 3] best ret=10.23% dd=18.88% trades=70 (improved)
[smart][iter 1][01] [round 4] best ret=50.59% dd=25.62% trades=73 (improved)
[smart][iter 1][01] [round 5] best ret=5.82% dd=5.81% trades=68 (no improve)
[smart][iter 1][01] [round 6] best ret=-1.47% dd=21.93% trades=57 (no improve)
[smart][iter 1][01] [round 7] best ret=6.37% dd=22.32% trades=65 (no improve)
[smart][iter 1][01] [round 8] best ret=-0.63% dd=4.36% trades=56 (no improve)
[smart][iter 1][01] [round 9] best ret=35.95% dd=22.23% trades=64 (no improve)
[smart][iter 1][01] [round 10] best ret=1.23% dd=7.26% trades=63 (no improve)
[smart][iter 1][01] [round 11] best ret=98.16% dd=24.12% trades=71 (improved)
[smart][iter 1][01] [round 12] best ret=87.98% dd=24.31% trades=67 (no improve)
[smart][iter 1][01] [round 13] best ret=110.49% dd=34.23% trades=72 (improved)
[smart][iter 1][01] [round 14] best ret=19.03% dd=9.58% trades=67 (no improve)
[smart][iter 1][01] [round 15] best ret=4.86% dd=4.91% trades=61 (no improve)
[smart][iter 1][01] [round 16] best ret=63.16% dd=40.35% trades=65 (no improve)
[smart][iter 1][01] [round 17] best ret=10.30% dd=4.88% trades=50 (no improve)
[smart][iter 1][01] [round 18] best ret=122.06% dd=31.37% trades=76 (improved)
[smart][iter 1][01] [round 19] best ret=0.94% dd=7.81% trades=78 (no improve)
[smart][iter 1][01] [round 20] best ret=123.67% dd=37.83% trades=71 (improved)
[smart][iter 1][01] [round 21] best ret=54.49% dd=23.16% trades=66 (no improve)
[smart][iter 1][01] [round 22] best ret=112.22% dd=35.81% trades=73 (no improve)
[smart][iter 1][01] [round 23] best ret=59.94% dd=40.71% trades=72 (no improve)
[smart][iter 1][01] [round 24] best ret=162.39% dd=30.26% trades=72 (improved)
[smart][iter 1][01] [round 25] best ret=-5.31% dd=5.75% trades=35 (no improve)
[smart][iter 1][01] [round 26] best ret=-1.05% dd=1.44% trades=8 (no improve)
[smart][iter 1][01] [round 27] best ret=146.85% dd=42.25% trades=73 (no improve)
[smart][iter 1][01] [round 28] best ret=0.37% dd=0.99% trades=20 (no improve)
[smart][iter 1][01] [round 29] best ret=42.12% dd=28.77% trades=75 (no improve)
[smart][iter 1][01] [round 30] best ret=57.62% dd=28.98% trades=72 (no improve)
[smart][iter 1][01] [round 31] best ret=23.63% dd=14.05% trades=58 (no improve)
[smart][iter 1][01] [round 32] best ret=0.85% dd=8.29% trades=55 (no improve)
[smart][iter 1][01] [round 33] best ret=183.15% dd=31.50% trades=73 (improved)
[smart][iter 1][01] [round 34] best ret=12.75% dd=10.73% trades=73 (no improve)
[smart][iter 1][01] [round 35] best ret=43.95% dd=20.51% trades=76 (no improve)
[smart][iter 1][01] [round 36] best ret=52.39% dd=30.18% trades=73 (no improve)
[smart][iter 1][01] [round 37] best ret=98.75% dd=19.23% trades=56 (no improve)
[smart][iter 1][01] [round 38] best ret=159.18% dd=25.10% trades=76 (no improve)
[smart][iter 1][01] [round 39] best ret=167.64% dd=29.25% trades=70 (no improve)
[smart][iter 1][01] [round 40] best ret=5.76% dd=4.09% trades=59 (no improve)
[smart][iter 1][01] [round 41] best ret=73.42% dd=29.62% trades=87 (no improve)
[smart][iter 1][01] [round 42] best ret=173.52% dd=35.41% trades=73 (no improve)
[smart][iter 1][01] [round 43] best ret=129.55% dd=34.19% trades=72 (no improve)
[smart][iter 1][01] [stop] no return improvement for 10 consecutive rounds.
[smart][iter 1][01] [best] ret=183.15% dd=31.50% trades=73 cfg=i0001c01/a5/t2_close/k4/gap[-0.005,0.03]/board<=None/risk=strict/alloc=1.00/regime_beta=1.40
[smart][iter 1][01] [out] reports/smart_infinite_wf_live/iterations/iter_00001/candidate_01_i0001c01/summary.json
[smart][iter 1][01] ret=183.15% dd=31.50% ag=183.15 bal=109.20 rounds=43
[smart][iter 1][02/10] i0001c02 h=48 e=318 lr=0.0292 wd=1.0e-04 gt=-0.0069
[smart][iter 1][02] [opt] variants=1 source=custom_file
[smart][iter 1][02] [round 1] best ret=74.97% dd=36.21% trades=67 (improved)
[smart][iter 1][02] [round 2] best ret=18.78% dd=42.27% trades=69 (no improve)
[smart][iter 1][02] [round 3] best ret=70.73% dd=26.13% trades=69 (no improve)
[smart][iter 1][02] [round 4] best ret=31.75% dd=36.40% trades=66 (no improve)
[smart][iter 1][02] [round 5] best ret=1.07% dd=3.51% trades=49 (no improve)
[smart][iter 1][02] [round 6] best ret=27.77% dd=27.81% trades=57 (no improve)
[smart][iter 1][02] [round 7] best ret=5.84% dd=16.85% trades=65 (no improve)
[smart][iter 1][02] [round 8] best ret=52.84% dd=20.41% trades=77 (no improve)
[smart][iter 1][02] [round 9] best ret=93.76% dd=28.41% trades=68 (improved)
[smart][iter 1][02] [round 10] best ret=42.02% dd=9.22% trades=65 (no improve)
[smart][iter 1][02] [round 11] best ret=1.66% dd=27.71% trades=71 (no improve)
[smart][iter 1][02] [round 12] best ret=99.14% dd=31.89% trades=75 (improved)
[smart][iter 1][02] [round 13] best ret=130.23% dd=27.68% trades=83 (improved)
[smart][iter 1][02] [round 14] best ret=35.23% dd=23.49% trades=73 (no improve)
[smart][iter 1][02] [round 15] best ret=12.63% dd=4.84% trades=62 (no improve)
[smart][iter 1][02] [round 16] best ret=22.70% dd=34.91% trades=64 (no improve)
[smart][iter 1][02] [round 17] best ret=61.83% dd=34.88% trades=50 (no improve)
[smart][iter 1][02] [round 18] best ret=37.88% dd=37.45% trades=77 (no improve)
[smart][iter 1][02] [round 19] best ret=2.32% dd=7.46% trades=79 (no improve)
[smart][iter 1][02] [round 20] best ret=140.26% dd=19.50% trades=69 (improved)
[smart][iter 1][02] [round 21] best ret=130.90% dd=36.60% trades=75 (no improve)
[smart][iter 1][02] [round 22] best ret=24.09% dd=4.98% trades=48 (no improve)
[smart][iter 1][02] [round 23] best ret=0.30% dd=1.40% trades=27 (no improve)
[smart][iter 1][02] [round 24] best ret=61.04% dd=15.33% trades=64 (no improve)
[smart][iter 1][02] [round 25] best ret=-1.19% dd=30.37% trades=66 (no improve)
[smart][iter 1][02] [round 26] best ret=3.34% dd=19.19% trades=36 (no improve)
[smart][iter 1][02] [round 27] best ret=182.01% dd=23.92% trades=68 (improved)
[smart][iter 1][02] [round 28] best ret=159.26% dd=21.62% trades=59 (no improve)
[smart][iter 1][02] [round 29] best ret=61.09% dd=13.64% trades=35 (no improve)
[smart][iter 1][02] [round 30] best ret=67.55% dd=30.58% trades=70 (no improve)
[smart][iter 1][02] [round 31] best ret=17.12% dd=19.79% trades=74 (no improve)
[smart][iter 1][02] [round 32] best ret=64.09% dd=42.58% trades=71 (no improve)
[smart][iter 1][02] [round 33] best ret=1.20% dd=1.15% trades=25 (no improve)
[smart][iter 1][02] [round 34] best ret=20.35% dd=21.06% trades=75 (no improve)
[smart][iter 1][02] [round 35] best ret=12.02% dd=7.15% trades=69 (no improve)
[smart][iter 1][02] [round 36] best ret=98.41% dd=21.23% trades=71 (no improve)
[smart][iter 1][02] [round 37] best ret=40.33% dd=38.12% trades=66 (no improve)
[smart][iter 1][02] [stop] no return improvement for 10 consecutive rounds.
[smart][iter 1][02] [best] ret=182.01% dd=23.92% trades=68 cfg=i0001c02/a2/profit_lock_t3/k4/gap[-0.005,0.04]/board<=2/risk=strict/alloc=0.80/regime_beta=1.00
[smart][iter 1][02] [out] reports/smart_infinite_wf_live/iterations/iter_00001/candidate_02_i0001c02/summary.json
[smart][iter 1][02] ret=182.01% dd=23.92% ag=182.01 bal=133.06 rounds=37
[smart][iter 1][03/10] i0001c03 h=40 e=662 lr=0.0543 wd=1.7e-04 gt=-0.0095
[smart][iter 1][03] [opt] variants=1 source=custom_file
[smart][iter 1][03] [round 1] best ret=65.86% dd=29.69% trades=69 (improved)
[smart][iter 1][03] [round 2] best ret=-2.82% dd=3.34% trades=34 (no improve)
[smart][iter 1][03] [round 3] best ret=43.89% dd=31.97% trades=68 (no improve)
[smart][iter 1][03] [round 4] best ret=18.20% dd=32.35% trades=68 (no improve)
[smart][iter 1][03] [round 5] best ret=6.87% dd=8.51% trades=65 (no improve)
[smart][iter 1][03] [round 6] best ret=6.02% dd=34.71% trades=67 (no improve)
[smart][iter 1][03] [round 7] best ret=22.12% dd=17.17% trades=69 (no improve)
[smart][iter 1][03] [round 8] best ret=40.26% dd=39.81% trades=78 (no improve)
[smart][iter 1][03] [round 9] best ret=16.58% dd=23.66% trades=80 (no improve)
[smart][iter 1][03] [round 10] best ret=14.08% dd=32.41% trades=59 (no improve)
[smart][iter 1][03] [round 11] best ret=111.19% dd=27.34% trades=65 (improved)
[smart][iter 1][03] [round 12] best ret=50.77% dd=35.94% trades=64 (no improve)
[smart][iter 1][03] [round 13] best ret=19.68% dd=20.50% trades=62 (no improve)
[smart][iter 1][03] [round 14] best ret=21.06% dd=13.31% trades=67 (no improve)
[smart][iter 1][03] [round 15] best ret=68.58% dd=13.17% trades=72 (no improve)
[smart][iter 1][03] [round 16] best ret=64.11% dd=26.35% trades=69 (no improve)
[smart][iter 1][03] [round 17] best ret=4.77% dd=36.34% trades=50 (no improve)
[smart][iter 1][03] [round 18] best ret=114.59% dd=11.70% trades=64 (improved)
[smart][iter 1][03] [round 19] best ret=116.97% dd=35.84% trades=72 (improved)
[smart][iter 1][03] [round 20] best ret=45.81% dd=41.76% trades=73 (no improve)
[smart][iter 1][03] [round 21] best ret=7.42% dd=9.23% trades=55 (no improve)
[smart][iter 1][03] [round 22] best ret=23.59% dd=13.52% trades=72 (no improve)
[smart][iter 1][03] [round 23] best ret=37.47% dd=10.35% trades=85 (no improve)
[smart][iter 1][03] [round 24] best ret=29.03% dd=12.67% trades=79 (no improve)
[smart][iter 1][03] [round 25] best ret=2.39% dd=16.75% trades=57 (no improve)
[smart][iter 1][03] [round 26] best ret=35.09% dd=26.00% trades=66 (no improve)
[smart][iter 1][03] [round 27] best ret=8.19% dd=5.10% trades=74 (no improve)
[smart][iter 1][03] [round 28] best ret=41.20% dd=24.93% trades=61 (no improve)
[smart][iter 1][03] [round 29] best ret=5.39% dd=13.56% trades=71 (no improve)
[smart][iter 1][03] [stop] no return improvement for 10 consecutive rounds.
[smart][iter 1][03] [best] ret=116.97% dd=35.84% trades=72 cfg=i0001c03/a2/weak_hold_t3/k4/gap[None,0.02]/board<=2/risk=balanced/alloc=1.00/regime_beta=0.30
[smart][iter 1][03] [out] reports/smart_infinite_wf_live/iterations/iter_00001/candidate_03_i0001c03/summary.json
[smart][iter 1][03] ret=116.97% dd=35.84% ag=116.97 bal=28.70 rounds=29
[smart][iter 1][04/10] i0001c04 h=48 e=291 lr=0.0265 wd=1.1e-04 gt=0.0014
[smart][iter 1][04] [opt] variants=1 source=custom_file
[smart][iter 1][04] [round 1] best ret=152.45% dd=24.16% trades=67 (improved)
[smart][iter 1][04] [round 2] best ret=26.22% dd=37.24% trades=69 (no improve)
[smart][iter 1][04] [round 3] best ret=9.59% dd=8.58% trades=83 (no improve)
[smart][iter 1][04] [round 4] best ret=80.30% dd=31.19% trades=66 (no improve)
[smart][iter 1][04] [round 5] best ret=1.25% dd=8.45% trades=66 (no improve)
[smart][iter 1][04] [round 6] best ret=94.56% dd=29.71% trades=59 (no improve)
[smart][iter 1][04] [round 7] best ret=38.64% dd=31.63% trades=69 (no improve)
[smart][iter 1][04] [round 8] best ret=32.63% dd=31.86% trades=73 (no improve)
[smart][iter 1][04] [round 9] best ret=50.19% dd=25.37% trades=64 (no improve)
[smart][iter 1][04] [round 10] best ret=2.81% dd=2.49% trades=42 (no improve)
[smart][iter 1][04] [round 11] best ret=20.44% dd=37.16% trades=65 (no improve)
[smart][iter 1][04] [stop] no return improvement for 10 consecutive rounds.
[smart][iter 1][04] [best] ret=152.45% dd=24.16% trades=67 cfg=i0001c04/a5/weak_hold_t3/k3/gap[-0.01,0.03]/board<=None/risk=strict/alloc=0.80/regime_beta=0.60
[smart][iter 1][04] [out] reports/smart_infinite_wf_live/iterations/iter_00001/candidate_04_i0001c04/summary.json
[smart][iter 1][04] ret=152.45% dd=24.16% ag=152.45 bal=102.71 rounds=11
[smart][iter 1][05/10] i0001c05 h=80 e=580 lr=0.0199 wd=1.4e-05 gt=-0.0284
[smart][iter 1][05] [opt] variants=1 source=custom_file
[smart][iter 1][05] [round 1] best ret=52.56% dd=9.28% trades=75 (improved)
[smart][iter 1][05] [round 2] best ret=12.42% dd=36.02% trades=76 (no improve)
[smart][iter 1][05] [round 3] best ret=13.11% dd=16.11% trades=81 (no improve)
[smart][iter 1][05] [round 4] best ret=4.93% dd=35.29% trades=68 (no improve)
[smart][iter 1][05] [round 5] best ret=0.72% dd=10.40% trades=68 (no improve)
[smart][iter 1][05] [round 6] best ret=-4.56% dd=4.56% trades=33 (no improve)
[smart][iter 1][05] [round 7] best ret=12.93% dd=18.42% trades=75 (no improve)
[smart][iter 1][05] [round 8] best ret=9.01% dd=3.90% trades=40 (no improve)
[smart][iter 1][05] [round 9] best ret=16.37% dd=39.18% trades=77 (no improve)
[smart][iter 1][05] [round 10] best ret=15.32% dd=29.36% trades=61 (no improve)
[smart][iter 1][05] [round 11] best ret=80.33% dd=24.16% trades=70 (improved)
[smart][iter 1][05] [round 12] best ret=49.43% dd=28.85% trades=71 (no improve)
[smart][iter 1][05] [round 13] best ret=-1.35% dd=5.24% trades=60 (no improve)
[smart][iter 1][05] [round 14] best ret=114.07% dd=36.82% trades=71 (improved)
[smart][iter 1][05] [round 15] best ret=34.80% dd=19.30% trades=75 (no improve)
[smart][iter 1][05] [round 16] best ret=29.05% dd=19.20% trades=71 (no improve)
[smart][iter 1][05] [round 17] best ret=141.87% dd=39.79% trades=72 (improved)
[smart][iter 1][05] [round 18] best ret=80.80% dd=31.73% trades=72 (no improve)
[smart][iter 1][05] [round 19] best ret=34.35% dd=25.45% trades=71 (no improve)
[smart][iter 1][05] [round 20] best ret=7.13% dd=10.16% trades=73 (no improve)
[smart][iter 1][05] [round 21] best ret=19.97% dd=38.02% trades=66 (no improve)
