[mock-backtest] train_range=2020-01-01~2024-12-31 backtest_range=2025-01-01~2026-02-27
[mock-backtest] rule_targets=ret>=1000.0% dd<=15.0%
[mock-backtest] variant_profile=aggressive variants=8
[mock-backtest] train mlp_h48_e300_gt0 ...
[mock-backtest] train mlp_h48_e300_gt0 acc=56.77%
[mock-backtest] train mlp_h56_e320_gt1 ...
[mock-backtest] train mlp_h56_e320_gt1 acc=61.38%
[mock-backtest] train mlp_h64_e360_gt2 ...
[mock-backtest] train mlp_h64_e360_gt2 acc=66.71%
[mock-backtest] train mlp_h72_e380_gt15 ...
[mock-backtest] train mlp_h72_e380_gt15 acc=63.92%
[mock-backtest] train mlp_h40_e280_gt5 ...
[mock-backtest] train mlp_h40_e280_gt5 acc=59.21%
[mock-backtest] train mlp_h96_e460_gt15 ...
[mock-backtest] train mlp_h96_e460_gt15 acc=64.18%
[mock-backtest] train mlp_h88_e500_gt1_wd2e4 ...
[mock-backtest] train mlp_h88_e500_gt1_wd2e4 acc=61.38%
[mock-backtest] train mlp_h128_e560_gt25 ...
[mock-backtest] train mlp_h128_e560_gt25 acc=68.80%
[mock-backtest] th=0.60 final=61054.89 ret=510.55% dd=16.47% fee=1224.77 trades=78 cfg=mlp_h128_e560_gt25/a15/t2_close/k2/gap[None,None]/board<=2/risk=strict/alloc=0.80 rules[ret_target=FAIL, dd_target=FAIL]
[mock-backtest] th=0.65 final=61054.89 ret=510.55% dd=16.47% fee=1224.77 trades=78 cfg=mlp_h128_e560_gt25/a15/t2_close/k2/gap[None,None]/board<=2/risk=strict/alloc=0.80 rules[ret_target=FAIL, dd_target=FAIL]
[mock-backtest] th=0.70 final=61054.89 ret=510.55% dd=16.47% fee=1224.77 trades=78 cfg=mlp_h128_e560_gt25/a15/t2_close/k2/gap[None,None]/board<=2/risk=strict/alloc=0.80 rules[ret_target=FAIL, dd_target=FAIL]
[mock-backtest] th=0.75 final=61054.89 ret=510.55% dd=16.47% fee=1224.77 trades=78 cfg=mlp_h128_e560_gt25/a15/t2_close/k2/gap[None,None]/board<=2/risk=strict/alloc=0.80 rules[ret_target=FAIL, dd_target=FAIL]
[mock-backtest] th=0.80 final=80983.83 ret=709.84% dd=19.47% fee=1703.58 trades=78 cfg=mlp_h128_e560_gt25/a15/t2_close/k2/gap[None,None]/board<=2/risk=strict/alloc=0.90 rules[ret_target=FAIL, dd_target=FAIL]
[mock-backtest] th=0.85 final=93063.64 ret=830.64% dd=20.57% fee=1648.21 trades=72 cfg=mlp_h96_e460_gt15/a2/weak_hold_t3/k2/gap[None,None]/board<=2/risk=balanced/alloc=0.80 rules[ret_target=FAIL, dd_target=FAIL]
[mock-backtest] th=0.90 final=128426.06 ret=1184.26% dd=20.75% fee=2353.62 trades=72 cfg=mlp_h96_e460_gt15/a2/weak_hold_t3/k2/gap[None,None]/board<=2/risk=balanced/alloc=0.90 rules[ret_target=OK, dd_target=FAIL]
