[opt] variants=1 source=custom_file
[round 1] best ret=74.97% dd=36.21% trades=67 (improved)
[round 2] best ret=18.78% dd=42.27% trades=69 (no improve)
[round 3] best ret=70.73% dd=26.13% trades=69 (no improve)
[round 4] best ret=31.75% dd=36.40% trades=66 (no improve)
[round 5] best ret=1.07% dd=3.51% trades=49 (no improve)
[round 6] best ret=27.77% dd=27.81% trades=57 (no improve)
[round 7] best ret=5.84% dd=16.85% trades=65 (no improve)
[round 8] best ret=52.84% dd=20.41% trades=77 (no improve)
[round 9] best ret=93.76% dd=28.41% trades=68 (improved)
[round 10] best ret=42.02% dd=9.22% trades=65 (no improve)
[round 11] best ret=1.66% dd=27.71% trades=71 (no improve)
[round 12] best ret=99.14% dd=31.89% trades=75 (improved)
[round 13] best ret=130.23% dd=27.68% trades=83 (improved)
[round 14] best ret=35.23% dd=23.49% trades=73 (no improve)
[round 15] best ret=12.63% dd=4.84% trades=62 (no improve)
[round 16] best ret=22.70% dd=34.91% trades=64 (no improve)
[round 17] best ret=61.83% dd=34.88% trades=50 (no improve)
[round 18] best ret=37.88% dd=37.45% trades=77 (no improve)
[round 19] best ret=2.32% dd=7.46% trades=79 (no improve)
[round 20] best ret=140.26% dd=19.50% trades=69 (improved)
[round 21] best ret=130.90% dd=36.60% trades=75 (no improve)
[round 22] best ret=24.09% dd=4.98% trades=48 (no improve)
[round 23] best ret=0.30% dd=1.40% trades=27 (no improve)
[round 24] best ret=61.04% dd=15.33% trades=64 (no improve)
[round 25] best ret=-1.19% dd=30.37% trades=66 (no improve)
[round 26] best ret=3.34% dd=19.19% trades=36 (no improve)
[round 27] best ret=182.01% dd=23.92% trades=68 (improved)
[round 28] best ret=159.26% dd=21.62% trades=59 (no improve)
[round 29] best ret=61.09% dd=13.64% trades=35 (no improve)
[round 30] best ret=67.55% dd=30.58% trades=70 (no improve)
[round 31] best ret=17.12% dd=19.79% trades=74 (no improve)
[round 32] best ret=64.09% dd=42.58% trades=71 (no improve)
[round 33] best ret=1.20% dd=1.15% trades=25 (no improve)
[round 34] best ret=20.35% dd=21.06% trades=75 (no improve)
[round 35] best ret=12.02% dd=7.15% trades=69 (no improve)
[round 36] best ret=98.41% dd=21.23% trades=71 (no improve)
[round 37] best ret=40.33% dd=38.12% trades=66 (no improve)
[stop] no return improvement for 10 consecutive rounds.
[best] ret=182.01% dd=23.92% trades=68 cfg=i0001c02/a2/profit_lock_t3/k4/gap[-0.005,0.04]/board<=2/risk=strict/alloc=0.80/regime_beta=1.00
[out] reports/smart_infinite_wf_live/iterations/iter_00001/candidate_02_i0001c02/summary.json
