[opt] variants=1 source=custom_file
[round 1] best ret=65.86% dd=29.69% trades=69 (improved)
[round 2] best ret=-2.82% dd=3.34% trades=34 (no improve)
[round 3] best ret=43.89% dd=31.97% trades=68 (no improve)
[round 4] best ret=18.20% dd=32.35% trades=68 (no improve)
[round 5] best ret=6.87% dd=8.51% trades=65 (no improve)
[round 6] best ret=6.02% dd=34.71% trades=67 (no improve)
[round 7] best ret=22.12% dd=17.17% trades=69 (no improve)
[round 8] best ret=40.26% dd=39.81% trades=78 (no improve)
[round 9] best ret=16.58% dd=23.66% trades=80 (no improve)
[round 10] best ret=14.08% dd=32.41% trades=59 (no improve)
[round 11] best ret=111.19% dd=27.34% trades=65 (improved)
[round 12] best ret=50.77% dd=35.94% trades=64 (no improve)
[round 13] best ret=19.68% dd=20.50% trades=62 (no improve)
[round 14] best ret=21.06% dd=13.31% trades=67 (no improve)
[round 15] best ret=68.58% dd=13.17% trades=72 (no improve)
[round 16] best ret=64.11% dd=26.35% trades=69 (no improve)
[round 17] best ret=4.77% dd=36.34% trades=50 (no improve)
[round 18] best ret=114.59% dd=11.70% trades=64 (improved)
[round 19] best ret=116.97% dd=35.84% trades=72 (improved)
[round 20] best ret=45.81% dd=41.76% trades=73 (no improve)
[round 21] best ret=7.42% dd=9.23% trades=55 (no improve)
[round 22] best ret=23.59% dd=13.52% trades=72 (no improve)
[round 23] best ret=37.47% dd=10.35% trades=85 (no improve)
[round 24] best ret=29.03% dd=12.67% trades=79 (no improve)
[round 25] best ret=2.39% dd=16.75% trades=57 (no improve)
[round 26] best ret=35.09% dd=26.00% trades=66 (no improve)
[round 27] best ret=8.19% dd=5.10% trades=74 (no improve)
[round 28] best ret=41.20% dd=24.93% trades=61 (no improve)
[round 29] best ret=5.39% dd=13.56% trades=71 (no improve)
[stop] no return improvement for 10 consecutive rounds.
[best] ret=116.97% dd=35.84% trades=72 cfg=i0001c03/a2/weak_hold_t3/k4/gap[None,0.02]/board<=2/risk=balanced/alloc=1.00/regime_beta=0.30
[out] reports/smart_infinite_wf_live/iterations/iter_00001/candidate_03_i0001c03/summary.json
