[opt] variants=1 source=custom_file
[round 1] best ret=9.26% dd=34.61% trades=63 (improved)
[round 2] best ret=-4.04% dd=4.04% trades=25 (no improve)
[round 3] best ret=10.23% dd=18.88% trades=70 (improved)
[round 4] best ret=50.59% dd=25.62% trades=73 (improved)
[round 5] best ret=5.82% dd=5.81% trades=68 (no improve)
[round 6] best ret=-1.47% dd=21.93% trades=57 (no improve)
[round 7] best ret=6.37% dd=22.32% trades=65 (no improve)
[round 8] best ret=-0.63% dd=4.36% trades=56 (no improve)
[round 9] best ret=35.95% dd=22.23% trades=64 (no improve)
[round 10] best ret=1.23% dd=7.26% trades=63 (no improve)
[round 11] best ret=98.16% dd=24.12% trades=71 (improved)
[round 12] best ret=87.98% dd=24.31% trades=67 (no improve)
[round 13] best ret=110.49% dd=34.23% trades=72 (improved)
[round 14] best ret=19.03% dd=9.58% trades=67 (no improve)
[round 15] best ret=4.86% dd=4.91% trades=61 (no improve)
[round 16] best ret=63.16% dd=40.35% trades=65 (no improve)
[round 17] best ret=10.30% dd=4.88% trades=50 (no improve)
[round 18] best ret=122.06% dd=31.37% trades=76 (improved)
[round 19] best ret=0.94% dd=7.81% trades=78 (no improve)
[round 20] best ret=123.67% dd=37.83% trades=71 (improved)
[round 21] best ret=54.49% dd=23.16% trades=66 (no improve)
[round 22] best ret=112.22% dd=35.81% trades=73 (no improve)
[round 23] best ret=59.94% dd=40.71% trades=72 (no improve)
[round 24] best ret=162.39% dd=30.26% trades=72 (improved)
[round 25] best ret=-5.31% dd=5.75% trades=35 (no improve)
[round 26] best ret=-1.05% dd=1.44% trades=8 (no improve)
[round 27] best ret=146.85% dd=42.25% trades=73 (no improve)
[round 28] best ret=0.37% dd=0.99% trades=20 (no improve)
[round 29] best ret=42.12% dd=28.77% trades=75 (no improve)
[round 30] best ret=57.62% dd=28.98% trades=72 (no improve)
[round 31] best ret=23.63% dd=14.05% trades=58 (no improve)
[round 32] best ret=0.85% dd=8.29% trades=55 (no improve)
[round 33] best ret=183.15% dd=31.50% trades=73 (improved)
[round 34] best ret=12.75% dd=10.73% trades=73 (no improve)
[round 35] best ret=43.95% dd=20.51% trades=76 (no improve)
[round 36] best ret=52.39% dd=30.18% trades=73 (no improve)
[round 37] best ret=98.75% dd=19.23% trades=56 (no improve)
[round 38] best ret=159.18% dd=25.10% trades=76 (no improve)
[round 39] best ret=167.64% dd=29.25% trades=70 (no improve)
[round 40] best ret=5.76% dd=4.09% trades=59 (no improve)
[round 41] best ret=73.42% dd=29.62% trades=87 (no improve)
[round 42] best ret=173.52% dd=35.41% trades=73 (no improve)
[round 43] best ret=129.55% dd=34.19% trades=72 (no improve)
[stop] no return improvement for 10 consecutive rounds.
[best] ret=183.15% dd=31.50% trades=73 cfg=i0001c01/a5/t2_close/k4/gap[-0.005,0.03]/board<=None/risk=strict/alloc=1.00/regime_beta=1.40
[out] reports/smart_infinite_wf_live/iterations/iter_00001/candidate_01_i0001c01/summary.json
