[mock-backtest] train_range=2020-01-01~2024-12-31 backtest_range=2025-01-01~2026-02-27
[mock-backtest] rule_targets=ret>=1000.0% dd<=15.0%
[mock-backtest] variant_profile=aggressive variants=8
[mock-backtest] train mlp_h48_e300_gt0 ...
[mock-backtest] train mlp_h48_e300_gt0 acc=57.16%
[mock-backtest] train mlp_h56_e320_gt1 ...
[mock-backtest] train mlp_h56_e320_gt1 acc=61.45%
[mock-backtest] train mlp_h64_e360_gt2 ...
[mock-backtest] train mlp_h64_e360_gt2 acc=66.85%
[mock-backtest] train mlp_h72_e380_gt15 ...
[mock-backtest] train mlp_h72_e380_gt15 acc=63.96%
[mock-backtest] train mlp_h40_e280_gt5 ...
[mock-backtest] train mlp_h40_e280_gt5 acc=58.93%
[mock-backtest] train mlp_h96_e460_gt15 ...
[mock-backtest] train mlp_h96_e460_gt15 acc=63.99%
[mock-backtest] train mlp_h88_e500_gt1_wd2e4 ...
[mock-backtest] train mlp_h88_e500_gt1_wd2e4 acc=61.51%
[mock-backtest] train mlp_h128_e560_gt25 ...
[mock-backtest] train mlp_h128_e560_gt25 acc=68.97%
[mock-backtest] th=0.75 final=63585.66 ret=535.86% dd=15.83% fee=944.40 trades=64 cfg=mlp_h72_e380_gt15/a15/t2_close/k3/gap[-0.01,0.03]/board<=None/risk=ultra/alloc=0.85 rules[ret_target=FAIL, dd_target=FAIL]
